"QUERY PLAN"
"Limit  (cost=43.67..43.79 rows=50 width=29) (actual time=0.475..0.487 rows=50 loops=1)"
"  Buffers: shared hit=32"
"  CTE query_vector"
"    ->  Index Scan using design_doc_pkey on design_doc design_doc_1  (cost=0.14..8.16 rows=1 width=1544) (actual time=0.037..0.038 rows=1 loops=1)"
"          Index Cond: (id = 1)"
"          Buffers: shared hit=2"
"  InitPlan 2"
"    ->  CTE Scan on query_vector  (cost=0.00..0.02 rows=1 width=32) (actual time=0.042..0.043 rows=1 loops=1)"
"          Buffers: shared hit=2"
"  ->  Sort  (cost=35.49..35.79 rows=120 width=29) (actual time=0.473..0.478 rows=50 loops=1)"
"        Sort Key: ((design_doc.embedding_vector <=> (InitPlan 2).col1))"
"        Sort Method: top-N heapsort  Memory: 30kB"
"        Buffers: shared hit=32"
"        ->  Seq Scan on design_doc  (cost=0.00..31.50 rows=120 width=29) (actual time=0.074..0.384 rows=120 loops=1)"
"              Buffers: shared hit=32"
"Planning:"
"  Buffers: shared hit=1"
"Planning Time: 0.255 ms"
"Execution Time: 0.532 ms"
