"QUERY PLAN"
"Limit  (cost=41.67..41.69 rows=5 width=29) (actual time=0.201..0.202 rows=5 loops=1)"
"  Buffers: shared hit=32"
"  CTE query_vector"
"    ->  Index Scan using design_doc_pkey on design_doc design_doc_1  (cost=0.14..8.16 rows=1 width=1544) (actual time=0.032..0.033 rows=1 loops=1)"
"          Index Cond: (id = 1)"
"          Buffers: shared hit=2"
"  InitPlan 2"
"    ->  CTE Scan on query_vector  (cost=0.00..0.02 rows=1 width=32) (actual time=0.036..0.037 rows=1 loops=1)"
"          Buffers: shared hit=2"
"  ->  Sort  (cost=33.49..33.79 rows=120 width=29) (actual time=0.200..0.201 rows=5 loops=1)"
"        Sort Key: ((design_doc.embedding_vector <=> (InitPlan 2).col1))"
"        Sort Method: top-N heapsort  Memory: 25kB"
"        Buffers: shared hit=32"
"        ->  Seq Scan on design_doc  (cost=0.00..31.50 rows=120 width=29) (actual time=0.058..0.164 rows=120 loops=1)"
"              Buffers: shared hit=32"
"Planning:"
"  Buffers: shared hit=8"
"Planning Time: 0.261 ms"
"Execution Time: 0.301 ms"
